<?xml version="1.0" encoding="UTF-8"?>
<!-- Generated by org.testng.reporters.JUnitReportReporter -->
<testsuite hostname="LAPTOP-KP029P4G" failures="0" tests="2" name="Final_Demo.HomePage" time="20.099" errors="0" timestamp="2021-10-30T08:34:16 IST" skipped="0">
  <testcase classname="Final_Demo.HomePage" name="homePageNavigation" time="9.384"/>
  <system-out/>
  <testcase classname="Final_Demo.HomePage" name="homePageNavigation" time="10.715"/>
  <system-out/>
</testsuite> <!-- Final_Demo.HomePage -->
