<?xml version="1.0" encoding="UTF-8"?>
<!-- Generated by org.testng.reporters.JUnitReportReporter -->
<testsuite hostname="LAPTOP-KP029P4G" failures="0" tests="2" name="Final_Demo.HomePage" time="18.387" errors="0" timestamp="2021-10-29T08:48:00 IST" skipped="0">
  <testcase classname="Final_Demo.HomePage" name="homePageNavigation" time="10.488"/>
  <system-out/>
  <testcase classname="Final_Demo.HomePage" name="homePageNavigation" time="7.899"/>
  <system-out/>
</testsuite> <!-- Final_Demo.HomePage -->
