<?xml version="1.0" encoding="UTF-8"?>
<!-- Generated by org.testng.reporters.JUnitReportReporter -->
<testsuite hostname="LAPTOP-KP029P4G" failures="0" tests="4" name="com.TestNGDemo.Test2" time="0.011" errors="0" timestamp="2021-10-27T09:41:19 IST" skipped="0">
  <testcase classname="com.TestNGDemo.Test2" name="test1" time="0.005"/>
  <system-out/>
  <testcase classname="com.TestNGDemo.Test2" name="test8" time="0.001"/>
  <system-out/>
  <testcase classname="com.TestNGDemo.Test2" name="testgroup" time="0.002"/>
  <system-out/>
  <testcase classname="com.TestNGDemo.Test2" name="testgroup1" time="0.003"/>
  <system-out/>
</testsuite> <!-- com.TestNGDemo.Test2 -->
