<?xml version="1.0" encoding="UTF-8"?>
<!-- Generated by org.testng.reporters.JUnitReportReporter -->
<testsuite hostname="LAPTOP-KP029P4G" failures="0" tests="1" name="com.TestNGDemo.Test1" time="0.005" errors="0" timestamp="2021-10-27T09:41:19 IST" skipped="0">
  <testcase classname="com.TestNGDemo.Test1" name="test1" time="0.005"/>
  <system-out/>
</testsuite> <!-- com.TestNGDemo.Test1 -->
