<?xml version="1.0" encoding="UTF-8"?>
<!-- Generated by org.testng.reporters.JUnitReportReporter -->
<testsuite hostname="LAPTOP-KP029P4G" failures="0" tests="2" name="com.TestNGDemo.DataProviderDemo" time="0.004" errors="0" timestamp="2021-10-27T09:41:19 IST" skipped="0">
  <testcase classname="com.TestNGDemo.DataProviderDemo" name="username" time="0.003"/>
  <system-out/>
  <testcase classname="com.TestNGDemo.DataProviderDemo" name="username" time="0.001"/>
  <system-out/>
</testsuite> <!-- com.TestNGDemo.DataProviderDemo -->
