<?xml version="1.0" encoding="UTF-8"?>
<!-- Generated by org.testng.reporters.JUnitReportReporter -->
<testsuite hostname="LAPTOP-KP029P4G" failures="0" tests="6" name="com.TestNGDemo.Test3" time="0.006" errors="0" timestamp="2021-10-27T09:41:19 IST" skipped="1">
  <testcase classname="com.TestNGDemo.Test3" name="c_test3" time="0.001"/>
  <system-out/>
  <testcase classname="com.TestNGDemo.Test3" name="a_test1" time="0.001"/>
  <system-out/>
  <testcase classname="com.TestNGDemo.Test3" name="f_test8" time="0.001"/>
  <system-out/>
  <testcase classname="com.TestNGDemo.Test3" name="d_test6" time="0.001"/>
  <system-out/>
  <testcase classname="com.TestNGDemo.Test3" name="e_test7" time="0.002"/>
  <system-out/>
  <testcase classname="com.TestNGDemo.Test3" name="b_test2">
    <skipped/>
  </testcase> <!-- b_test2 -->
  <system-out/>
</testsuite> <!-- com.TestNGDemo.Test3 -->
