<?xml version="1.0" encoding="UTF-8"?>
<!-- Generated by org.testng.reporters.JUnitReportReporter -->
<testsuite hostname="LAPTOP-KP029P4G" failures="0" tests="1" name="com.TestNGDemo.ParaMPassingDemo" time="0.008" errors="0" timestamp="2021-10-27T09:57:26 IST" skipped="0">
  <testcase classname="com.TestNGDemo.ParaMPassingDemo" name="loginTest" time="0.008"/>
  <system-out/>
</testsuite> <!-- com.TestNGDemo.ParaMPassingDemo -->
