<?xml version="1.0" encoding="UTF-8"?>
<!-- Generated by org.testng.reporters.JUnitReportReporter -->
<testsuite hostname="LAPTOP-KP029P4G" failures="0" tests="6" name="com.TestNGDemo.PriorityTest" time="0.013" errors="0" timestamp="2021-10-27T09:41:19 IST" skipped="0">
  <testcase classname="com.TestNGDemo.PriorityTest" name="method_D" time="0.001"/>
  <system-out/>
  <testcase classname="com.TestNGDemo.PriorityTest" name="method_B" time="0.005"/>
  <system-out/>
  <testcase classname="com.TestNGDemo.PriorityTest" name="method_E" time="0.002"/>
  <system-out/>
  <testcase classname="com.TestNGDemo.PriorityTest" name="method_F" time="0.002"/>
  <system-out/>
  <testcase classname="com.TestNGDemo.PriorityTest" name="method_A" time="0.001"/>
  <system-out/>
  <testcase classname="com.TestNGDemo.PriorityTest" name="method_C" time="0.002"/>
  <system-out/>
</testsuite> <!-- com.TestNGDemo.PriorityTest -->
